/*C4*/SET SCHEMA PUBLIC
DISCONNECT
/*C5*/SET SCHEMA PUBLIC
CREATE TABLE ENTITYBUS\u000d\u000a(\u000d\u000a  EID INT PRIMARY KEY,\u000d\u000a  ENUMBER VARCHAR(255)\u000d\u000a)
CREATE TABLE BUS\u000d\u000a(\u000d\u000a  ID INT PRIMARY KEY,\u000d\u000a  NUMBER VARCHAR(255)\u000d\u000a)
CREATE TABLE NAMINGSTRTEST\u000d\u000a(\u000d\u000a  ID INT PRIMARY KEY,\u000d\u000a  NUMBER VARCHAR(255)\u000d\u000a)
INSERT INTO ENTITYBUS VALUES(1,'1ENTITYBUS')
COMMIT
INSERT INTO ENTITYBUS VALUES(2,'2ENTITYBUS')
COMMIT
INSERT INTO BUS VALUES(1,'1BUS')
COMMIT
INSERT INTO BUS VALUES(2,'2BUS')
COMMIT
INSERT INTO NAMINGSTRTEST VALUES(1,'1NAMINGSTRTEST')
COMMIT
INSERT INTO NAMINGSTRTEST VALUES(2,'2NAMINGSTRTEST')
COMMIT
/*C6*/SET SCHEMA PUBLIC
DISCONNECT
/*C7*/SET SCHEMA PUBLIC
set schema PUBLIC
DISCONNECT
